[2025/04/28 10:56:48]Query Version (command name)
FF 01 D2 01 00 00 D4 (bytes PC->device)
[2025/04/28 10:56:48] 47 44 34 31 30 5F 30 31 37 42 5F 32 30 31 41 5F 53 32 32 30 37 30 30 35 42 5F 44 32 32 31 31 32 34 41 2E (bytes device->PC)
[2025/04/28 10:56:57]Horizontal Angle Query (command name)
FF 01 00 51 00 00 52  (bytes PC->device)
[2025/04/28 10:56:57] 00 59 00 00 5A (bytes device->PC)
[2025/04/28 10:56:58]Vertical Angle Query (command name)
FF 01 00 53 00 00 54 (bytes PC->device)
[2025/04/28 10:56:58] 00 5B 11 01 6E (bytes device->PC)
[2025/04/28 10:57:05]Horizontal Angle Control (command name)
FF 01 00 4B 00 64 B0  (bytes PC->device)
[2025/04/28 10:57:11]Vertical Angle Control (command name)
FF 01 00 4D 8B D8 B1  (bytes PC->device)
[2025/04/28 10:57:12]Stop (command name)
FF 01 00 00 00 00 01  (bytes PC->device)
[2025/04/28 10:57:13]Up (command name)
FF 01 00 08 00 1E 27  (bytes PC->device)
[2025/04/28 10:57:14]Down (command name)
FF 01 00 10 00 1E 2F  (bytes PC->device)
[2025/04/28 10:57:15]Right (command name)
FF 01 00 02 1E 00 21  (bytes PC->device)
[2025/04/28 10:57:16]Left (command name)
FF 01 00 04 1E 00 23  (bytes PC->device)
[2025/04/28 10:57:26]Set Horizontal Origin (command name)
FF 01 00 03 00 67 6B  (bytes PC->device)
[2025/04/28 10:57:27]Set Vertical Origin (command name)
FF 01 00 03 00 68 6C  (bytes PC->device)